{
  "stats": {
    "suites": 1,
    "tests": 4,
    "passes": 4,
    "pending": 0,
    "failures": 0,
    "start": "2023-02-28T11:40:40.912Z",
    "end": "2023-02-28T11:40:41.064Z",
    "duration": 152,
    "testsRegistered": 4,
    "passPercent": 100,
    "pendingPercent": 0,
    "other": 0,
    "hasOther": false,
    "skipped": 0,
    "hasSkipped": false
  },
  "results": [
    {
      "uuid": "2b359d0f-f2ed-4437-a9cd-a5e76ae38dad",
      "title": "",
      "fullFile": "D:\\BOOTCAMP\\QA - FAZZTRACK\\Tugas\\mocha_fazztrack\\tests\\test_api.js",
      "file": "\\tests\\test_api.js",
      "beforeHooks": [],
      "afterHooks": [],
      "tests": [],
      "suites": [
        {
          "uuid": "4885c3cf-813f-4916-8264-db80beab81e2",
          "title": "Update User - Testcases endpoint ubah data user",
          "fullFile": "D:\\BOOTCAMP\\QA - FAZZTRACK\\Tugas\\mocha_fazztrack\\tests\\test_api.js",
          "file": "\\tests\\test_api.js",
          "beforeHooks": [
            {
              "title": "\"before all\" hook in \"Update User - Testcases endpoint ubah data user\"",
              "fullTitle": "Update User - Testcases endpoint ubah data user \"before all\" hook in \"Update User - Testcases endpoint ubah data user\"",
              "timedOut": false,
              "duration": 77,
              "state": null,
              "speed": null,
              "pass": false,
              "fail": false,
              "pending": false,
              "context": null,
              "code": "const response = await apiUnderTest.createUser(jsonDataTest);\nuserid = response.body.id;\n// const selectedData = response.body.data.filter(data => data.id === 'e4bbdb3b-92c0-4664-b78e-afaea8628774');\n// userid = selectedData;",
              "err": {},
              "uuid": "89e6a304-a263-4434-8132-f178e8b0093e",
              "parentUUID": "4885c3cf-813f-4916-8264-db80beab81e2",
              "isHook": true,
              "skipped": false
            }
          ],
          "afterHooks": [],
          "tests": [
            {
              "title": "testid01 - Test apakah endpoint update data user berfungsi menggubah data user yang sesuai",
              "fullTitle": "Update User - Testcases endpoint ubah data user testid01 - Test apakah endpoint update data user berfungsi menggubah data user yang sesuai",
              "timedOut": false,
              "duration": 16,
              "state": "passed",
              "speed": "fast",
              "pass": true,
              "fail": false,
              "pending": false,
              "context": null,
              "code": "const data = jsonDataTest;\ndata.id = userid;\ndata.nationality ='malaysia';\ndata.occupation = 'tester';\nconsole.log(data);\nconst response = await apiUnderTest.UpdateUser(data);\nconsole.log(response.body);\n// //assertion\nexpect(response.statusCode).to.equal(200);\nexpect(response.body.occupation).to.equal(data.occupation);\nexpect(response.body).to.be.jsonSchema(data);",
              "err": {},
              "uuid": "6a6dcb21-51a7-48a6-9ff9-364de2066f22",
              "parentUUID": "4885c3cf-813f-4916-8264-db80beab81e2",
              "isHook": false,
              "skipped": false
            },
            {
              "title": "testid02 = Test apakah endpoint update user gagal ketika age bernilai 0",
              "fullTitle": "Update User - Testcases endpoint ubah data user testid02 = Test apakah endpoint update user gagal ketika age bernilai 0",
              "timedOut": false,
              "duration": 32,
              "state": "passed",
              "speed": "fast",
              "pass": true,
              "fail": false,
              "pending": false,
              "context": null,
              "code": "const data = jsonDataTest;\ndata.age = 0;\n\nconst response = await apiUnderTest.UpdateUser(data);\nconsole.log(response.body);\n// assertion\nexpect(response.statusCode).to.equal(400);\nexpect(response.body).to.be.jsonSchema(data);",
              "err": {},
              "uuid": "a3bad423-1246-4f14-a4f1-2d77cc9d0286",
              "parentUUID": "4885c3cf-813f-4916-8264-db80beab81e2",
              "isHook": false,
              "skipped": false
            },
            {
              "title": "testid03 - Test apakah endpoint update user gagal ketika hobbies kosong",
              "fullTitle": "Update User - Testcases endpoint ubah data user testid03 - Test apakah endpoint update user gagal ketika hobbies kosong",
              "timedOut": false,
              "duration": 5,
              "state": "passed",
              "speed": "fast",
              "pass": true,
              "fail": false,
              "pending": false,
              "context": null,
              "code": "const data = jsonDataTest;\ndata.hobbies = [];\nconst response = await apiUnderTest.UpdateUser(data);\nconsole.log(response.body);\n\n// assertion\nexpect(response.status).to.equal(400);\nexpect(response.body).to.be.jsonSchema(data);",
              "err": {},
              "uuid": "beb0379d-5829-416d-80d7-b60ce0686607",
              "parentUUID": "4885c3cf-813f-4916-8264-db80beab81e2",
              "isHook": false,
              "skipped": false
            },
            {
              "title": "testid04 - Test apakah endpoint update user gagal ketika data id null",
              "fullTitle": "Update User - Testcases endpoint ubah data user testid04 - Test apakah endpoint update user gagal ketika data id null",
              "timedOut": false,
              "duration": 8,
              "state": "passed",
              "speed": "fast",
              "pass": true,
              "fail": false,
              "pending": false,
              "context": null,
              "code": "const data = dataTest.UpdateUserNull();\nconst response = await apiUnderTest.UpdateUser(data);\nconsole.log(response.body);\n\n// assertion\nexpect(response.status).to.equal(404);\nexpect(response.body).to.be.jsonSchema(data);",
              "err": {},
              "uuid": "e03d1993-b60e-4b43-a701-281f3e108053",
              "parentUUID": "4885c3cf-813f-4916-8264-db80beab81e2",
              "isHook": false,
              "skipped": false
            }
          ],
          "suites": [],
          "passes": [
            "6a6dcb21-51a7-48a6-9ff9-364de2066f22",
            "a3bad423-1246-4f14-a4f1-2d77cc9d0286",
            "beb0379d-5829-416d-80d7-b60ce0686607",
            "e03d1993-b60e-4b43-a701-281f3e108053"
          ],
          "failures": [],
          "pending": [],
          "skipped": [],
          "duration": 61,
          "root": false,
          "rootEmpty": false,
          "_timeout": 2000
        }
      ],
      "passes": [],
      "failures": [],
      "pending": [],
      "skipped": [],
      "duration": 0,
      "root": true,
      "rootEmpty": true,
      "_timeout": 2000
    }
  ],
  "meta": {
    "mocha": {
      "version": "10.2.0"
    },
    "mochawesome": {
      "options": {
        "quiet": false,
        "reportFilename": "mochawesome",
        "saveHtml": true,
        "saveJson": true,
        "consoleReporter": "spec",
        "useInlineDiffs": false,
        "code": true
      },
      "version": "7.1.3"
    },
    "marge": {
      "options": null,
      "version": "6.2.0"
    }
  }
}