{
  "stats": {
    "suites": 1,
    "tests": 4,
    "passes": 4,
    "pending": 0,
    "failures": 0,
    "start": "2023-02-28T12:04:04.577Z",
    "end": "2023-02-28T12:04:04.818Z",
    "duration": 241,
    "testsRegistered": 4,
    "passPercent": 100,
    "pendingPercent": 0,
    "other": 0,
    "hasOther": false,
    "skipped": 0,
    "hasSkipped": false
  },
  "results": [
    {
      "uuid": "8aeb9faa-04da-4f5e-a8d5-f8c935ce920a",
      "title": "",
      "fullFile": "D:\\BOOTCAMP\\QA - FAZZTRACK\\Tugas\\mocha_fazztrack\\tests\\test_api.js",
      "file": "\\tests\\test_api.js",
      "beforeHooks": [],
      "afterHooks": [],
      "tests": [],
      "suites": [
        {
          "uuid": "bcd563df-b231-407b-b450-8b1bd6d604c3",
          "title": "Update User - Testcases endpoint ubah data user",
          "fullFile": "D:\\BOOTCAMP\\QA - FAZZTRACK\\Tugas\\mocha_fazztrack\\tests\\test_api.js",
          "file": "\\tests\\test_api.js",
          "beforeHooks": [
            {
              "title": "\"before all\" hook in \"Update User - Testcases endpoint ubah data user\"",
              "fullTitle": "Update User - Testcases endpoint ubah data user \"before all\" hook in \"Update User - Testcases endpoint ubah data user\"",
              "timedOut": false,
              "duration": 47,
              "state": null,
              "speed": null,
              "pass": false,
              "fail": false,
              "pending": false,
              "context": null,
              "code": "const response = await apiUnderTest.createUser(jsonDataTest);\nuserid = response.body.id;\n// const selectedData = response.body.data.filter(data => data.id === 'e4bbdb3b-92c0-4664-b78e-afaea8628774');\n// userid = selectedData;",
              "err": {},
              "uuid": "caad0904-08df-4f6c-b592-5fef509dae72",
              "parentUUID": "bcd563df-b231-407b-b450-8b1bd6d604c3",
              "isHook": true,
              "skipped": false
            }
          ],
          "afterHooks": [],
          "tests": [
            {
              "title": "testid01 - Test apakah endpoint update data user berfungsi menggubah data user yang sesuai",
              "fullTitle": "Update User - Testcases endpoint ubah data user testid01 - Test apakah endpoint update data user berfungsi menggubah data user yang sesuai",
              "timedOut": false,
              "duration": 43,
              "state": "passed",
              "speed": "medium",
              "pass": true,
              "fail": false,
              "pending": false,
              "context": null,
              "code": "const data = jsonDataTest;\ndata.id = userid;\ndata.nationality ='malaysia';\ndata.occupation = 'tester';\nconsole.log(data);\nconst response = await apiUnderTest.UpdateUser(data);\nconsole.log(response.body);\n// //assertion\nexpect(response.statusCode).to.equal(200);\nexpect(response.body.occupation).to.equal(data.occupation);\nexpect(response.body).to.be.jsonSchema(data);",
              "err": {},
              "uuid": "f6b4ed91-d940-4ca3-a8e1-141a1923d3eb",
              "parentUUID": "bcd563df-b231-407b-b450-8b1bd6d604c3",
              "isHook": false,
              "skipped": false
            },
            {
              "title": "testid02 = Test apakah endpoint update user gagal ketika age bernilai 0",
              "fullTitle": "Update User - Testcases endpoint ubah data user testid02 = Test apakah endpoint update user gagal ketika age bernilai 0",
              "timedOut": false,
              "duration": 75,
              "state": "passed",
              "speed": "medium",
              "pass": true,
              "fail": false,
              "pending": false,
              "context": null,
              "code": "const data = jsonDataTest;\ndata.age = 0;\n\nconst response = await apiUnderTest.UpdateUser(data);\nconsole.log(response.body);\n// assertion\nexpect(response.statusCode).to.equal(400);\nexpect(response.body).to.be.jsonSchema(data); \nexpect(response.body.errorCode).to.equal('ER-03');",
              "err": {},
              "uuid": "505e8d4b-82a6-4eb5-b65f-e8484a8309f3",
              "parentUUID": "bcd563df-b231-407b-b450-8b1bd6d604c3",
              "isHook": false,
              "skipped": false
            },
            {
              "title": "testid03 - Test apakah endpoint update user gagal ketika hobbies kosong",
              "fullTitle": "Update User - Testcases endpoint ubah data user testid03 - Test apakah endpoint update user gagal ketika hobbies kosong",
              "timedOut": false,
              "duration": 7,
              "state": "passed",
              "speed": "fast",
              "pass": true,
              "fail": false,
              "pending": false,
              "context": null,
              "code": "const data = jsonDataTest;\ndata.hobbies = [];\nconst response = await apiUnderTest.UpdateUser(data);\nconsole.log(response.body);\n\n// assertion\nexpect(response.status).to.equal(400);\nexpect(response.body).to.be.jsonSchema(data); \nexpect(response.body.errorCode).to.equal('ER-03');",
              "err": {},
              "uuid": "8c0dc0ea-5cd4-4563-b747-05e9a9ca1788",
              "parentUUID": "bcd563df-b231-407b-b450-8b1bd6d604c3",
              "isHook": false,
              "skipped": false
            },
            {
              "title": "testid04 - Test apakah endpoint update user gagal ketika data id null",
              "fullTitle": "Update User - Testcases endpoint ubah data user testid04 - Test apakah endpoint update user gagal ketika data id null",
              "timedOut": false,
              "duration": 53,
              "state": "passed",
              "speed": "medium",
              "pass": true,
              "fail": false,
              "pending": false,
              "context": null,
              "code": "const data = dataTest.UpdateUserNull();\nconst response = await apiUnderTest.UpdateUser(data);\nconsole.log(response.body);\n\n// assertion\nexpect(response.status).to.equal(404);\nexpect(response.body).to.be.jsonSchema(data); \nexpect(response.body.errorCode).to.equal('ER-01');",
              "err": {},
              "uuid": "b57149ca-a386-4ad4-a271-4899f45d3497",
              "parentUUID": "bcd563df-b231-407b-b450-8b1bd6d604c3",
              "isHook": false,
              "skipped": false
            }
          ],
          "suites": [],
          "passes": [
            "f6b4ed91-d940-4ca3-a8e1-141a1923d3eb",
            "505e8d4b-82a6-4eb5-b65f-e8484a8309f3",
            "8c0dc0ea-5cd4-4563-b747-05e9a9ca1788",
            "b57149ca-a386-4ad4-a271-4899f45d3497"
          ],
          "failures": [],
          "pending": [],
          "skipped": [],
          "duration": 178,
          "root": false,
          "rootEmpty": false,
          "_timeout": 2000
        }
      ],
      "passes": [],
      "failures": [],
      "pending": [],
      "skipped": [],
      "duration": 0,
      "root": true,
      "rootEmpty": true,
      "_timeout": 2000
    }
  ],
  "meta": {
    "mocha": {
      "version": "10.2.0"
    },
    "mochawesome": {
      "options": {
        "quiet": false,
        "reportFilename": "mochawesome",
        "saveHtml": true,
        "saveJson": true,
        "consoleReporter": "spec",
        "useInlineDiffs": false,
        "code": true
      },
      "version": "7.1.3"
    },
    "marge": {
      "options": null,
      "version": "6.2.0"
    }
  }
}